[debug] [2024-02-27T22:40:39.628Z] ----------------------------------------------------------------------
[debug] [2024-02-27T22:40:39.632Z] Command:       C:\Program Files\nodejs\node.exe C:\Users\Admin\AppData\Roaming\npm\node_modules\firebase-tools\lib\bin\firebase.js init hosting
[debug] [2024-02-27T22:40:39.632Z] CLI Version:   13.3.1
[debug] [2024-02-27T22:40:39.633Z] Platform:      win32
[debug] [2024-02-27T22:40:39.633Z] Node Version:  v21.5.0
[debug] [2024-02-27T22:40:39.633Z] Time:          Tue Feb 27 2024 18:40:39 GMT-0400 (Atlantic Standard Time)
[debug] [2024-02-27T22:40:39.633Z] ----------------------------------------------------------------------
[debug] 
[debug] [2024-02-27T22:40:39.646Z] > command requires scopes: ["email","openid","https://www.googleapis.com/auth/cloudplatformprojects.readonly","https://www.googleapis.com/auth/firebase","https://www.googleapis.com/auth/cloud-platform"]
[debug] [2024-02-27T22:40:39.647Z] > authorizing via signed-in user (ethanpeialexander@gmail.com)
[info] 
     ######## #### ########  ######## ########     ###     ######  ########
     ##        ##  ##     ## ##       ##     ##  ##   ##  ##       ##
     ######    ##  ########  ######   ########  #########  ######  ######
     ##        ##  ##    ##  ##       ##     ## ##     ##       ## ##
     ##       #### ##     ## ######## ########  ##     ##  ######  ########

You're about to initialize a Firebase project in this directory:

  C:\Users\Admin\Desktop\Millennium Web App\millennium-app

[info] 
=== Project Setup
[info] 
[info] First, let's associate this project directory with a Firebase project.
[info] You can create multiple project aliases by running firebase use --add, 
[info] but for now we'll just set up a default project.
[info] 
[debug] [2024-02-27T22:40:43.966Z] >>> [apiv2][query] GET https://firebase.googleapis.com/v1beta1/projects pageSize=100
[debug] [2024-02-27T22:40:44.420Z] <<< [apiv2][status] GET https://firebase.googleapis.com/v1beta1/projects 200
[debug] [2024-02-27T22:40:44.420Z] <<< [apiv2][body] GET https://firebase.googleapis.com/v1beta1/projects [omitted]
[info] i  Using project millennium-d9ce0 (Millennium) 
[info] 
=== Hosting Setup
[debug] [2024-02-27T22:40:45.908Z] >>> [apiv2][query] GET https://firebase.googleapis.com/v1beta1/projects/millennium-d9ce0 [none]
[debug] [2024-02-27T22:40:46.174Z] <<< [apiv2][status] GET https://firebase.googleapis.com/v1beta1/projects/millennium-d9ce0 200
[debug] [2024-02-27T22:40:46.175Z] <<< [apiv2][body] GET https://firebase.googleapis.com/v1beta1/projects/millennium-d9ce0 {"projectId":"millennium-d9ce0","projectNumber":"600199039200","displayName":"Millennium","name":"projects/millennium-d9ce0","resources":{"hostingSite":"millennium-d9ce0","storageBucket":"millennium-d9ce0.appspot.com","locationId":"us-central"},"state":"ACTIVE","etag":"1_c1d8f585-5de3-49c6-bad1-f91a53210746"}
[info] 
[info] i  Detected a .git folder at C:\Users\Admin\Desktop\Millennium Web App\millennium-app 
[info] i  Authorizing with GitHub to upload your service account to a GitHub repository's secrets store. 
[info] 
[info] Visit this URL on this device to log in:
[info] https://github.com/login/oauth/authorize?client_id=89cf50f02ac6aaed3484&state=483146580&redirect_uri=http%3A%2F%2Flocalhost%3A9005&scope=read%3Auser%20repo%20public_repo
[info] 
[info] Waiting for authentication...
[debug] [2024-02-27T22:41:56.365Z] >>> [apiv2][query] POST https://github.com/login/oauth/access_token [none]
[debug] [2024-02-27T22:41:56.366Z] >>> [apiv2][body] POST https://github.com/login/oauth/access_token [stream]
[debug] [2024-02-27T22:41:56.591Z] <<< [apiv2][status] POST https://github.com/login/oauth/access_token 200
[debug] [2024-02-27T22:41:56.591Z] <<< [apiv2][body] POST https://github.com/login/oauth/access_token {"access_token":"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","token_type":"bearer","scope":"read:user,repo"}
[debug] [2024-02-27T22:41:56.597Z] >>> [apiv2][query] GET https://api.github.com/user [none]
[debug] [2024-02-27T22:41:56.822Z] <<< [apiv2][status] GET https://api.github.com/user 200
[debug] [2024-02-27T22:41:56.822Z] <<< [apiv2][body] GET https://api.github.com/user {"login":"ShadowMonster99","id":81448108,"node_id":"MDQ6VXNlcjgxNDQ4MTA4","avatar_url":"https://avatars.githubusercontent.com/u/81448108?v=4","gravatar_id":"","url":"https://api.github.com/users/ShadowMonster99","html_url":"https://github.com/ShadowMonster99","followers_url":"https://api.github.com/users/ShadowMonster99/followers","following_url":"https://api.github.com/users/ShadowMonster99/following{/other_user}","gists_url":"https://api.github.com/users/ShadowMonster99/gists{/gist_id}","starred_url":"https://api.github.com/users/ShadowMonster99/starred{/owner}{/repo}","subscriptions_url":"https://api.github.com/users/ShadowMonster99/subscriptions","organizations_url":"https://api.github.com/users/ShadowMonster99/orgs","repos_url":"https://api.github.com/users/ShadowMonster99/repos","events_url":"https://api.github.com/users/ShadowMonster99/events{/privacy}","received_events_url":"https://api.github.com/users/ShadowMonster99/received_events","type":"User","site_admin":false,"name":"ShadowMonster","company":"Millennium","blog":"https://millennium.web.app/","location":"Canada","email":null,"hireable":null,"bio":"Just some random guy who makes stuff","twitter_username":null,"public_repos":12,"public_gists":1,"followers":8,"following":0,"created_at":"2021-03-26T22:52:44Z","updated_at":"2024-02-17T15:03:13Z","private_gists":0,"total_private_repos":27,"owned_private_repos":27,"disk_usage":46115,"collaborators":0,"two_factor_authentication":true,"plan":{"name":"free","space":976562499,"collaborators":0,"private_repos":10000}}
[info] 
[info] +  Success! Logged into GitHub as ShadowMonster99 
[info] 
